## SLURM PROLOG ###############################################################
##    Job ID : 5145970
##  Job Name : additives
##  Nodelist : node1161
##      CPUs : 8
##   Mem/CPU : 2048 MB
## Directory : /gpfs/data/yqi27/cgu13/CHEM1560Q/Gaussian/872-36-6
##   Job Started : Mon May 16 18:04:33 EDT 2022
###############################################################################
Mon May 16 18:04:33 EDT 2022
/gpfs/data/yqi27/cgu13/CHEM1560Q/Gaussian/872-36-6
given filepaths: ['/gpfs/data/yqi27/cgu13/CHEM1560Q/Gaussian/872-36-6/inp0/out.txt', '/gpfs/data/yqi27/cgu13/CHEM1560Q/Gaussian/872-36-6/inp1/out.txt', '/gpfs/data/yqi27/cgu13/CHEM1560Q/Gaussian/872-36-6/inp2/out.txt', '/gpfs/data/yqi27/cgu13/CHEM1560Q/Gaussian/872-36-6/inp3/out.txt', '/gpfs/data/yqi27/cgu13/CHEM1560Q/Gaussian/872-36-6/inp4/out.txt', '/gpfs/data/yqi27/cgu13/CHEM1560Q/Gaussian/872-36-6/inp5/out.txt', '/gpfs/data/yqi27/cgu13/CHEM1560Q/Gaussian/872-36-6/inp6/out.txt']
path to min energy file: /gpfs/data/yqi27/cgu13/CHEM1560Q/Gaussian/872-36-6/inp4/out.txt
reached end
Gaussian standard output converted to xyz file !!!
/gpfs/data/yqi27/cgu13/CHEM1560Q/Gaussian/872-36-6/opt_inp
Mon May 16 18:04:33 EDT 2022
Mon May 16 18:10:47 EDT 2022
#Free energy of the reduced complex:
001 00:06:14
Mon May 16 18:10:47 EDT 2022
