## SLURM PROLOG ###############################################################
##    Job ID : 5144547
##  Job Name : additives
##  Nodelist : node1714
##      CPUs : 8
##   Mem/CPU : 2048 MB
## Directory : /gpfs/data/yqi27/cgu13/CHEM1560Q/Gaussian/872-36-6
##   Job Started : Mon May 16 16:20:49 EDT 2022
###############################################################################
Mon May 16 16:20:49 EDT 2022
/gpfs/data/yqi27/cgu13/CHEM1560Q/Gaussian/872-36-6/inp0
Mon May 16 16:20:49 EDT 2022
Mon May 16 16:23:30 EDT 2022
/gpfs/data/yqi27/cgu13/CHEM1560Q/Gaussian/872-36-6/inp1
Mon May 16 16:23:30 EDT 2022
Mon May 16 16:33:28 EDT 2022
/gpfs/data/yqi27/cgu13/CHEM1560Q/Gaussian/872-36-6/inp2
Mon May 16 16:33:28 EDT 2022
Mon May 16 16:55:56 EDT 2022
/gpfs/data/yqi27/cgu13/CHEM1560Q/Gaussian/872-36-6/inp3
Mon May 16 16:55:56 EDT 2022
Mon May 16 17:16:49 EDT 2022
/gpfs/data/yqi27/cgu13/CHEM1560Q/Gaussian/872-36-6/inp4
Mon May 16 17:16:49 EDT 2022
Mon May 16 17:19:05 EDT 2022
/gpfs/data/yqi27/cgu13/CHEM1560Q/Gaussian/872-36-6/inp5
Mon May 16 17:19:05 EDT 2022
Mon May 16 17:25:16 EDT 2022
/gpfs/data/yqi27/cgu13/CHEM1560Q/Gaussian/872-36-6/inp6
Mon May 16 17:25:16 EDT 2022
Mon May 16 17:28:32 EDT 2022
/gpfs/data/yqi27/cgu13/CHEM1560Q/Gaussian/872-36-6
Mon May 16 17:28:32 EDT 2022
Mon May 16 17:28:32 EDT 2022
#Free energy of the reduced complex:
001 01:07:43
Mon May 16 17:28:32 EDT 2022
